# JRE version: Java(TM) SE Runtime Environment (8.0_131-b11) (build 1.8.0_131-b11)
# Java VM: Java HotSpot(TM) 64-Bit Server VM (25.131-b11 mixed mode windows-amd64 compressed oops)
Heap:
 PSYoungGen      total 204288K, used 3602K [0x00000000d5580000, 0x00000000e9c00000, 0x0000000100000000)
  eden space 147968K, 2% used [0x00000000d5580000,0x00000000d59048b0,0x00000000de600000)
  from space 56320K, 0% used [0x00000000de600000,0x00000000de600000,0x00000000e1d00000)
  to   space 55296K, 0% used [0x00000000e6600000,0x00000000e6600000,0x00000000e9c00000)
 ParOldGen       total 100864K, used 21487K [0x0000000080000000, 0x0000000086280000, 0x00000000d5580000)
  object space 100864K, 21% used [0x0000000080000000,0x00000000814fbe40,0x0000000086280000)
 Metaspace       used 35122K, capacity 35758K, committed 36056K, reserved 1079296K
  class space    used 5180K, capacity 5350K, committed 5376K, reserved 1048576K
GC Heap History (10 events):
Event: 4.204 GC heap before
{Heap before GC invocations=7 (full 1):
 PSYoungGen      total 70656K, used 70640K [0x00000000d5580000, 0x00000000de100000, 0x0000000100000000)
  eden space 65536K, 100% used [0x00000000d5580000,0x00000000d9580000,0x00000000d9580000)
  from space 5120K, 99% used [0x00000000d9580000,0x00000000d9a7c010,0x00000000d9a80000)
  to   space 25600K, 0% used [0x00000000dc800000,0x00000000dc800000,0x00000000de100000)
 ParOldGen       total 82944K, used 21880K [0x0000000080000000, 0x0000000085100000, 0x00000000d5580000)
  object space 82944K, 26% used [0x0000000080000000,0x000000008155e0c0,0x0000000085100000)
 Metaspace       used 29180K, capacity 29574K, committed 29952K, reserved 1075200K
  class space    used 4124K, capacity 4242K, committed 4352K, reserved 1048576K
Event: 4.249 GC heap after
Heap after GC invocations=7 (full 1):
 PSYoungGen      total 111104K, used 25210K [0x00000000d5580000, 0x00000000e0500000, 0x0000000100000000)
  eden space 85504K, 0% used [0x00000000d5580000,0x00000000d5580000,0x00000000da900000)
  from space 25600K, 98% used [0x00000000dc800000,0x00000000de09e900,0x00000000de100000)
  to   space 31744K, 0% used [0x00000000da900000,0x00000000da900000,0x00000000dc800000)
 ParOldGen       total 82944K, used 21888K [0x0000000080000000, 0x0000000085100000, 0x00000000d5580000)
  object space 82944K, 26% used [0x0000000080000000,0x00000000815600c0,0x0000000085100000)
 Metaspace       used 29180K, capacity 29574K, committed 29952K, reserved 1075200K
  class space    used 4124K, capacity 4242K, committed 4352K, reserved 1048576K
}
Event: 4.784 GC heap before
{Heap before GC invocations=8 (full 1):
 PSYoungGen      total 111104K, used 110714K [0x00000000d5580000, 0x00000000e0500000, 0x0000000100000000)
  eden space 85504K, 100% used [0x00000000d5580000,0x00000000da900000,0x00000000da900000)
  from space 25600K, 98% used [0x00000000dc800000,0x00000000de09e900,0x00000000de100000)
  to   space 31744K, 0% used [0x00000000da900000,0x00000000da900000,0x00000000dc800000)
 ParOldGen       total 82944K, used 21888K [0x0000000080000000, 0x0000000085100000, 0x00000000d5580000)
  object space 82944K, 26% used [0x0000000080000000,0x00000000815600c0,0x0000000085100000)
 Metaspace       used 30572K, capacity 30956K, committed 31488K, reserved 1077248K
  class space    used 4397K, capacity 4531K, committed 4608K, reserved 1048576K
Event: 4.880 GC heap after
Heap after GC invocations=8 (full 1):
 PSYoungGen      total 117248K, used 31712K [0x00000000d5580000, 0x00000000e4b80000, 0x0000000100000000)
  eden space 85504K, 0% used [0x00000000d5580000,0x00000000d5580000,0x00000000da900000)
  from space 31744K, 99% used [0x00000000da900000,0x00000000dc7f8030,0x00000000dc800000)
  to   space 47616K, 0% used [0x00000000e1d00000,0x00000000e1d00000,0x00000000e4b80000)
 ParOldGen       total 82944K, used 40134K [0x0000000080000000, 0x0000000085100000, 0x00000000d5580000)
  object space 82944K, 48% used [0x0000000080000000,0x00000000827318a0,0x0000000085100000)
 Metaspace       used 30572K, capacity 30956K, committed 31488K, reserved 1077248K
  class space    used 4397K, capacity 4531K, committed 4608K, reserved 1048576K
}
Event: 5.214 GC heap before
{Heap before GC invocations=9 (full 1):
 PSYoungGen      total 117248K, used 117216K [0x00000000d5580000, 0x00000000e4b80000, 0x0000000100000000)
  eden space 85504K, 100% used [0x00000000d5580000,0x00000000da900000,0x00000000da900000)
  from space 31744K, 99% used [0x00000000da900000,0x00000000dc7f8030,0x00000000dc800000)
  to   space 47616K, 0% used [0x00000000e1d00000,0x00000000e1d00000,0x00000000e4b80000)
 ParOldGen       total 82944K, used 40134K [0x0000000080000000, 0x0000000085100000, 0x00000000d5580000)
  object space 82944K, 48% used [0x0000000080000000,0x00000000827318a0,0x0000000085100000)
 Metaspace       used 30715K, capacity 31102K, committed 31488K, reserved 1077248K
  class space    used 4402K, capacity 4534K, committed 4608K, reserved 1048576K
Event: 5.293 GC heap after
Heap after GC invocations=9 (full 1):
 PSYoungGen      total 195584K, used 46528K [0x00000000d5580000, 0x00000000e6000000, 0x0000000100000000)
  eden space 147968K, 0% used [0x00000000d5580000,0x00000000d5580000,0x00000000de600000)
  from space 47616K, 97% used [0x00000000e1d00000,0x00000000e4a70010,0x00000000e4b80000)
  to   space 56320K, 0% used [0x00000000de600000,0x00000000de600000,0x00000000e1d00000)
 ParOldGen       total 82944K, used 40932K [0x0000000080000000, 0x0000000085100000, 0x00000000d5580000)
  object space 82944K, 49% used [0x0000000080000000,0x00000000827f91d0,0x0000000085100000)
 Metaspace       used 30715K, capacity 31102K, committed 31488K, reserved 1077248K
  class space    used 4402K, capacity 4534K, committed 4608K, reserved 1048576K
}
Event: 6.400 GC heap before
{Heap before GC invocations=10 (full 1):
 PSYoungGen      total 195584K, used 123755K [0x00000000d5580000, 0x00000000e6000000, 0x0000000100000000)
  eden space 147968K, 52% used [0x00000000d5580000,0x00000000da0ead80,0x00000000de600000)
  from space 47616K, 97% used [0x00000000e1d00000,0x00000000e4a70010,0x00000000e4b80000)
  to   space 56320K, 0% used [0x00000000de600000,0x00000000de600000,0x00000000e1d00000)
 ParOldGen       total 82944K, used 40932K [0x0000000080000000, 0x0000000085100000, 0x00000000d5580000)
  object space 82944K, 49% used [0x0000000080000000,0x00000000827f91d0,0x0000000085100000)
 Metaspace       used 34648K, capacity 35244K, committed 35416K, reserved 1079296K
  class space    used 5042K, capacity 5211K, committed 5248K, reserved 1048576K
Event: 6.452 GC heap after
Heap after GC invocations=10 (full 1):
 PSYoungGen      total 204288K, used 7052K [0x00000000d5580000, 0x00000000e9c00000, 0x0000000100000000)
  eden space 147968K, 0% used [0x00000000d5580000,0x00000000d5580000,0x00000000de600000)
  from space 56320K, 12% used [0x00000000de600000,0x00000000dece31f0,0x00000000e1d00000)
  to   space 55296K, 0% used [0x00000000e6600000,0x00000000e6600000,0x00000000e9c00000)
 ParOldGen       total 82944K, used 43276K [0x0000000080000000, 0x0000000085100000, 0x00000000d5580000)
  object space 82944K, 52% used [0x0000000080000000,0x0000000082a431d0,0x0000000085100000)
 Metaspace       used 34648K, capacity 35244K, committed 35416K, reserved 1079296K
  class space    used 5042K, capacity 5211K, committed 5248K, reserved 1048576K
}
Event: 6.452 GC heap before
{Heap before GC invocations=11 (full 2):
 PSYoungGen      total 204288K, used 7052K [0x00000000d5580000, 0x00000000e9c00000, 0x0000000100000000)
  eden space 147968K, 0% used [0x00000000d5580000,0x00000000d5580000,0x00000000de600000)
  from space 56320K, 12% used [0x00000000de600000,0x00000000dece31f0,0x00000000e1d00000)
  to   space 55296K, 0% used [0x00000000e6600000,0x00000000e6600000,0x00000000e9c00000)
 ParOldGen       total 82944K, used 43276K [0x0000000080000000, 0x0000000085100000, 0x00000000d5580000)
  object space 82944K, 52% used [0x0000000080000000,0x0000000082a431d0,0x0000000085100000)
 Metaspace       used 34648K, capacity 35244K, committed 35416K, reserved 1079296K
  class space    used 5042K, capacity 5211K, committed 5248K, reserved 1048576K
Event: 6.569 GC heap after
Heap after GC invocations=11 (full 2):
 PSYoungGen      total 204288K, used 0K [0x00000000d5580000, 0x00000000e9c00000, 0x0000000100000000)
  eden space 147968K, 0% used [0x00000000d5580000,0x00000000d5580000,0x00000000de600000)
  from space 56320K, 0% used [0x00000000de600000,0x00000000de600000,0x00000000e1d00000)
  to   space 55296K, 0% used [0x00000000e6600000,0x00000000e6600000,0x00000000e9c00000)
 ParOldGen       total 100864K, used 21487K [0x0000000080000000, 0x0000000086280000, 0x00000000d5580000)
  object space 100864K, 21% used [0x0000000080000000,0x00000000814fbe40,0x0000000086280000)
 Metaspace       used 34648K, capacity 35244K, committed 35416K, reserved 1079296K
  class space    used 5042K, capacity 5211K, committed 5248K, reserved 1048576K
}

