# JRE version: Java(TM) SE Runtime Environment (8.0_131-b11) (build 1.8.0_131-b11)
# Java VM: Java HotSpot(TM) 64-Bit Server VM (25.131-b11 mixed mode windows-amd64 compressed oops)
Heap:
 PSYoungGen      total 206848K, used 3658K [0x00000000d5580000, 0x00000000ea380000, 0x0000000100000000)
  eden space 152064K, 2% used [0x00000000d5580000,0x00000000d5912990,0x00000000dea00000)
  from space 54784K, 0% used [0x00000000dea00000,0x00000000dea00000,0x00000000e1f80000)
  to   space 54272K, 0% used [0x00000000e6e80000,0x00000000e6e80000,0x00000000ea380000)
 ParOldGen       total 101888K, used 20736K [0x0000000080000000, 0x0000000086380000, 0x00000000d5580000)
  object space 101888K, 20% used [0x0000000080000000,0x00000000814401a0,0x0000000086380000)
 Metaspace       used 35148K, capacity 35758K, committed 36056K, reserved 1079296K
  class space    used 5174K, capacity 5350K, committed 5376K, reserved 1048576K
GC Heap History (10 events):
Event: 4.613 GC heap before
{Heap before GC invocations=7 (full 1):
 PSYoungGen      total 70656K, used 70656K [0x00000000d5580000, 0x00000000dde00000, 0x0000000100000000)
  eden space 65536K, 100% used [0x00000000d5580000,0x00000000d9580000,0x00000000d9580000)
  from space 5120K, 100% used [0x00000000d9580000,0x00000000d9a80000,0x00000000d9a80000)
  to   space 24576K, 0% used [0x00000000dc600000,0x00000000dc600000,0x00000000dde00000)
 ParOldGen       total 81408K, used 21524K [0x0000000080000000, 0x0000000084f80000, 0x00000000d5580000)
  object space 81408K, 26% used [0x0000000080000000,0x00000000815052f0,0x0000000084f80000)
 Metaspace       used 29101K, capacity 29510K, committed 29952K, reserved 1075200K
  class space    used 4101K, capacity 4242K, committed 4352K, reserved 1048576K
Event: 4.659 GC heap after
Heap after GC invocations=7 (full 1):
 PSYoungGen      total 109568K, used 24576K [0x00000000d5580000, 0x00000000e0480000, 0x0000000100000000)
  eden space 84992K, 0% used [0x00000000d5580000,0x00000000d5580000,0x00000000da880000)
  from space 24576K, 100% used [0x00000000dc600000,0x00000000dde00000,0x00000000dde00000)
  to   space 30208K, 0% used [0x00000000da880000,0x00000000da880000,0x00000000dc600000)
 ParOldGen       total 81408K, used 22050K [0x0000000080000000, 0x0000000084f80000, 0x00000000d5580000)
  object space 81408K, 27% used [0x0000000080000000,0x0000000081588bc0,0x0000000084f80000)
 Metaspace       used 29101K, capacity 29510K, committed 29952K, reserved 1075200K
  class space    used 4101K, capacity 4242K, committed 4352K, reserved 1048576K
}
Event: 5.158 GC heap before
{Heap before GC invocations=8 (full 1):
 PSYoungGen      total 109568K, used 109568K [0x00000000d5580000, 0x00000000e0480000, 0x0000000100000000)
  eden space 84992K, 100% used [0x00000000d5580000,0x00000000da880000,0x00000000da880000)
  from space 24576K, 100% used [0x00000000dc600000,0x00000000dde00000,0x00000000dde00000)
  to   space 30208K, 0% used [0x00000000da880000,0x00000000da880000,0x00000000dc600000)
 ParOldGen       total 81408K, used 22050K [0x0000000080000000, 0x0000000084f80000, 0x00000000d5580000)
  object space 81408K, 27% used [0x0000000080000000,0x0000000081588bc0,0x0000000084f80000)
 Metaspace       used 30577K, capacity 30956K, committed 31488K, reserved 1077248K
  class space    used 4394K, capacity 4531K, committed 4608K, reserved 1048576K
Event: 5.295 GC heap after
Heap after GC invocations=8 (full 1):
 PSYoungGen      total 115200K, used 30176K [0x00000000d5580000, 0x00000000e4c80000, 0x0000000100000000)
  eden space 84992K, 0% used [0x00000000d5580000,0x00000000d5580000,0x00000000da880000)
  from space 30208K, 99% used [0x00000000da880000,0x00000000dc5f8010,0x00000000dc600000)
  to   space 46080K, 0% used [0x00000000e1f80000,0x00000000e1f80000,0x00000000e4c80000)
 ParOldGen       total 81408K, used 41801K [0x0000000080000000, 0x0000000084f80000, 0x00000000d5580000)
  object space 81408K, 51% used [0x0000000080000000,0x00000000828d27a0,0x0000000084f80000)
 Metaspace       used 30577K, capacity 30956K, committed 31488K, reserved 1077248K
  class space    used 4394K, capacity 4531K, committed 4608K, reserved 1048576K
}
Event: 5.653 GC heap before
{Heap before GC invocations=9 (full 1):
 PSYoungGen      total 115200K, used 115168K [0x00000000d5580000, 0x00000000e4c80000, 0x0000000100000000)
  eden space 84992K, 100% used [0x00000000d5580000,0x00000000da880000,0x00000000da880000)
  from space 30208K, 99% used [0x00000000da880000,0x00000000dc5f8010,0x00000000dc600000)
  to   space 46080K, 0% used [0x00000000e1f80000,0x00000000e1f80000,0x00000000e4c80000)
 ParOldGen       total 81408K, used 41801K [0x0000000080000000, 0x0000000084f80000, 0x00000000d5580000)
  object space 81408K, 51% used [0x0000000080000000,0x00000000828d27a0,0x0000000084f80000)
 Metaspace       used 30722K, capacity 31102K, committed 31488K, reserved 1077248K
  class space    used 4398K, capacity 4534K, committed 4608K, reserved 1048576K
Event: 5.734 GC heap after
Heap after GC invocations=9 (full 1):
 PSYoungGen      total 198144K, used 45536K [0x00000000d5580000, 0x00000000e5f00000, 0x0000000100000000)
  eden space 152064K, 0% used [0x00000000d5580000,0x00000000d5580000,0x00000000dea00000)
  from space 46080K, 98% used [0x00000000e1f80000,0x00000000e4bf8010,0x00000000e4c80000)
  to   space 54784K, 0% used [0x00000000dea00000,0x00000000dea00000,0x00000000e1f80000)
 ParOldGen       total 81408K, used 42257K [0x0000000080000000, 0x0000000084f80000, 0x00000000d5580000)
  object space 81408K, 51% used [0x0000000080000000,0x00000000829447b0,0x0000000084f80000)
 Metaspace       used 30722K, capacity 31102K, committed 31488K, reserved 1077248K
  class space    used 4398K, capacity 4534K, committed 4608K, reserved 1048576K
}
Event: 6.910 GC heap before
{Heap before GC invocations=10 (full 1):
 PSYoungGen      total 198144K, used 124028K [0x00000000d5580000, 0x00000000e5f00000, 0x0000000100000000)
  eden space 152064K, 51% used [0x00000000d5580000,0x00000000da227110,0x00000000dea00000)
  from space 46080K, 98% used [0x00000000e1f80000,0x00000000e4bf8010,0x00000000e4c80000)
  to   space 54784K, 0% used [0x00000000dea00000,0x00000000dea00000,0x00000000e1f80000)
 ParOldGen       total 81408K, used 42257K [0x0000000080000000, 0x0000000084f80000, 0x00000000d5580000)
  object space 81408K, 51% used [0x0000000080000000,0x00000000829447b0,0x0000000084f80000)
 Metaspace       used 34677K, capacity 35244K, committed 35416K, reserved 1079296K
  class space    used 5038K, capacity 5211K, committed 5248K, reserved 1048576K
Event: 6.937 GC heap after
Heap after GC invocations=10 (full 1):
 PSYoungGen      total 206848K, used 6107K [0x00000000d5580000, 0x00000000ea380000, 0x0000000100000000)
  eden space 152064K, 0% used [0x00000000d5580000,0x00000000d5580000,0x00000000dea00000)
  from space 54784K, 11% used [0x00000000dea00000,0x00000000deff6c00,0x00000000e1f80000)
  to   space 54272K, 0% used [0x00000000e6e80000,0x00000000e6e80000,0x00000000ea380000)
 ParOldGen       total 81408K, used 44185K [0x0000000080000000, 0x0000000084f80000, 0x00000000d5580000)
  object space 81408K, 54% used [0x0000000080000000,0x0000000082b267b0,0x0000000084f80000)
 Metaspace       used 34677K, capacity 35244K, committed 35416K, reserved 1079296K
  class space    used 5038K, capacity 5211K, committed 5248K, reserved 1048576K
}
Event: 6.937 GC heap before
{Heap before GC invocations=11 (full 2):
 PSYoungGen      total 206848K, used 6107K [0x00000000d5580000, 0x00000000ea380000, 0x0000000100000000)
  eden space 152064K, 0% used [0x00000000d5580000,0x00000000d5580000,0x00000000dea00000)
  from space 54784K, 11% used [0x00000000dea00000,0x00000000deff6c00,0x00000000e1f80000)
  to   space 54272K, 0% used [0x00000000e6e80000,0x00000000e6e80000,0x00000000ea380000)
 ParOldGen       total 81408K, used 44185K [0x0000000080000000, 0x0000000084f80000, 0x00000000d5580000)
  object space 81408K, 54% used [0x0000000080000000,0x0000000082b267b0,0x0000000084f80000)
 Metaspace       used 34677K, capacity 35244K, committed 35416K, reserved 1079296K
  class space    used 5038K, capacity 5211K, committed 5248K, reserved 1048576K
Event: 7.102 GC heap after
Heap after GC invocations=11 (full 2):
 PSYoungGen      total 206848K, used 0K [0x00000000d5580000, 0x00000000ea380000, 0x0000000100000000)
  eden space 152064K, 0% used [0x00000000d5580000,0x00000000d5580000,0x00000000dea00000)
  from space 54784K, 0% used [0x00000000dea00000,0x00000000dea00000,0x00000000e1f80000)
  to   space 54272K, 0% used [0x00000000e6e80000,0x00000000e6e80000,0x00000000ea380000)
 ParOldGen       total 101888K, used 20736K [0x0000000080000000, 0x0000000086380000, 0x00000000d5580000)
  object space 101888K, 20% used [0x0000000080000000,0x00000000814401a0,0x0000000086380000)
 Metaspace       used 34677K, capacity 35244K, committed 35416K, reserved 1079296K
  class space    used 5038K, capacity 5211K, committed 5248K, reserved 1048576K
}

