# JRE version: Java(TM) SE Runtime Environment (8.0_131-b11) (build 1.8.0_131-b11)
# Java VM: Java HotSpot(TM) 64-Bit Server VM (25.131-b11 mixed mode windows-amd64 compressed oops)
Heap:
 PSYoungGen      total 174080K, used 3455K [0x00000000d5580000, 0x00000000e6880000, 0x0000000100000000)
  eden space 134144K, 2% used [0x00000000d5580000,0x00000000d58dfe48,0x00000000dd880000)
  from space 39936K, 0% used [0x00000000dd880000,0x00000000dd880000,0x00000000dff80000)
  to   space 38912K, 0% used [0x00000000e4280000,0x00000000e4280000,0x00000000e6880000)
 ParOldGen       total 97280K, used 19905K [0x0000000080000000, 0x0000000085f00000, 0x00000000d5580000)
  object space 97280K, 20% used [0x0000000080000000,0x00000000813705f8,0x0000000085f00000)
 Metaspace       used 35141K, capacity 35758K, committed 35800K, reserved 1079296K
  class space    used 5172K, capacity 5350K, committed 5376K, reserved 1048576K
GC Heap History (10 events):
Event: 3.941 GC heap before
{Heap before GC invocations=7 (full 1):
 PSYoungGen      total 70656K, used 70656K [0x00000000d5580000, 0x00000000dbf80000, 0x0000000100000000)
  eden space 65536K, 100% used [0x00000000d5580000,0x00000000d9580000,0x00000000d9580000)
  from space 5120K, 100% used [0x00000000d9580000,0x00000000d9a80000,0x00000000d9a80000)
  to   space 11264K, 0% used [0x00000000db480000,0x00000000db480000,0x00000000dbf80000)
 ParOldGen       total 80384K, used 21269K [0x0000000080000000, 0x0000000084e80000, 0x00000000d5580000)
  object space 80384K, 26% used [0x0000000080000000,0x00000000814c56e8,0x0000000084e80000)
 Metaspace       used 28734K, capacity 29126K, committed 29568K, reserved 1075200K
  class space    used 4021K, capacity 4178K, committed 4224K, reserved 1048576K
Event: 3.993 GC heap after
Heap after GC invocations=7 (full 1):
 PSYoungGen      total 87040K, used 11264K [0x00000000d5580000, 0x00000000df200000, 0x0000000100000000)
  eden space 75776K, 0% used [0x00000000d5580000,0x00000000d5580000,0x00000000d9f80000)
  from space 11264K, 100% used [0x00000000db480000,0x00000000dbf80000,0x00000000dbf80000)
  to   space 21504K, 0% used [0x00000000d9f80000,0x00000000d9f80000,0x00000000db480000)
 ParOldGen       total 80384K, used 35209K [0x0000000080000000, 0x0000000084e80000, 0x00000000d5580000)
  object space 80384K, 43% used [0x0000000080000000,0x00000000822624c8,0x0000000084e80000)
 Metaspace       used 28734K, capacity 29126K, committed 29568K, reserved 1075200K
  class space    used 4021K, capacity 4178K, committed 4224K, reserved 1048576K
}
Event: 4.385 GC heap before
{Heap before GC invocations=8 (full 1):
 PSYoungGen      total 87040K, used 87040K [0x00000000d5580000, 0x00000000df200000, 0x0000000100000000)
  eden space 75776K, 100% used [0x00000000d5580000,0x00000000d9f80000,0x00000000d9f80000)
  from space 11264K, 100% used [0x00000000db480000,0x00000000dbf80000,0x00000000dbf80000)
  to   space 21504K, 0% used [0x00000000d9f80000,0x00000000d9f80000,0x00000000db480000)
 ParOldGen       total 80384K, used 35209K [0x0000000080000000, 0x0000000084e80000, 0x00000000d5580000)
  object space 80384K, 43% used [0x0000000080000000,0x00000000822624c8,0x0000000084e80000)
 Metaspace       used 30511K, capacity 30886K, committed 31232K, reserved 1075200K
  class space    used 4384K, capacity 4530K, committed 4608K, reserved 1048576K
Event: 4.484 GC heap after
Heap after GC invocations=8 (full 1):
 PSYoungGen      total 97280K, used 21488K [0x00000000d5580000, 0x00000000e1f80000, 0x0000000100000000)
  eden space 75776K, 0% used [0x00000000d5580000,0x00000000d5580000,0x00000000d9f80000)
  from space 21504K, 99% used [0x00000000d9f80000,0x00000000db47c020,0x00000000db480000)
  to   space 32768K, 0% used [0x00000000dff80000,0x00000000dff80000,0x00000000e1f80000)
 ParOldGen       total 80384K, used 48670K [0x0000000080000000, 0x0000000084e80000, 0x00000000d5580000)
  object space 80384K, 60% used [0x0000000080000000,0x0000000082f878a0,0x0000000084e80000)
 Metaspace       used 30511K, capacity 30886K, committed 31232K, reserved 1075200K
  class space    used 4384K, capacity 4530K, committed 4608K, reserved 1048576K
}
Event: 4.848 GC heap before
{Heap before GC invocations=9 (full 1):
 PSYoungGen      total 97280K, used 97264K [0x00000000d5580000, 0x00000000e1f80000, 0x0000000100000000)
  eden space 75776K, 100% used [0x00000000d5580000,0x00000000d9f80000,0x00000000d9f80000)
  from space 21504K, 99% used [0x00000000d9f80000,0x00000000db47c020,0x00000000db480000)
  to   space 32768K, 0% used [0x00000000dff80000,0x00000000dff80000,0x00000000e1f80000)
 ParOldGen       total 80384K, used 48670K [0x0000000080000000, 0x0000000084e80000, 0x00000000d5580000)
  object space 80384K, 60% used [0x0000000080000000,0x0000000082f878a0,0x0000000084e80000)
 Metaspace       used 30687K, capacity 31032K, committed 31488K, reserved 1077248K
  class space    used 4388K, capacity 4533K, committed 4608K, reserved 1048576K
Event: 4.911 GC heap after
Heap after GC invocations=9 (full 1):
 PSYoungGen      total 166912K, used 32736K [0x00000000d5580000, 0x00000000e2f00000, 0x0000000100000000)
  eden space 134144K, 0% used [0x00000000d5580000,0x00000000d5580000,0x00000000dd880000)
  from space 32768K, 99% used [0x00000000dff80000,0x00000000e1f78010,0x00000000e1f80000)
  to   space 39936K, 0% used [0x00000000dd880000,0x00000000dd880000,0x00000000dff80000)
 ParOldGen       total 80384K, used 51124K [0x0000000080000000, 0x0000000084e80000, 0x00000000d5580000)
  object space 80384K, 63% used [0x0000000080000000,0x00000000831ed210,0x0000000084e80000)
 Metaspace       used 30687K, capacity 31032K, committed 31488K, reserved 1077248K
  class space    used 4388K, capacity 4533K, committed 4608K, reserved 1048576K
}
Event: 5.913 GC heap before
{Heap before GC invocations=10 (full 1):
 PSYoungGen      total 166912K, used 129757K [0x00000000d5580000, 0x00000000e2f00000, 0x0000000100000000)
  eden space 134144K, 72% used [0x00000000d5580000,0x00000000db43f708,0x00000000dd880000)
  from space 32768K, 99% used [0x00000000dff80000,0x00000000e1f78010,0x00000000e1f80000)
  to   space 39936K, 0% used [0x00000000dd880000,0x00000000dd880000,0x00000000dff80000)
 ParOldGen       total 80384K, used 51124K [0x0000000080000000, 0x0000000084e80000, 0x00000000d5580000)
  object space 80384K, 63% used [0x0000000080000000,0x00000000831ed210,0x0000000084e80000)
 Metaspace       used 34767K, capacity 35340K, committed 35416K, reserved 1079296K
  class space    used 5063K, capacity 5243K, committed 5248K, reserved 1048576K
Event: 5.949 GC heap after
Heap after GC invocations=10 (full 1):
 PSYoungGen      total 174080K, used 6137K [0x00000000d5580000, 0x00000000e6880000, 0x0000000100000000)
  eden space 134144K, 0% used [0x00000000d5580000,0x00000000d5580000,0x00000000dd880000)
  from space 39936K, 15% used [0x00000000dd880000,0x00000000dde7e570,0x00000000dff80000)
  to   space 38912K, 0% used [0x00000000e4280000,0x00000000e4280000,0x00000000e6880000)
 ParOldGen       total 80384K, used 53036K [0x0000000080000000, 0x0000000084e80000, 0x00000000d5580000)
  object space 80384K, 65% used [0x0000000080000000,0x00000000833cb210,0x0000000084e80000)
 Metaspace       used 34767K, capacity 35340K, committed 35416K, reserved 1079296K
  class space    used 5063K, capacity 5243K, committed 5248K, reserved 1048576K
}
Event: 5.949 GC heap before
{Heap before GC invocations=11 (full 2):
 PSYoungGen      total 174080K, used 6137K [0x00000000d5580000, 0x00000000e6880000, 0x0000000100000000)
  eden space 134144K, 0% used [0x00000000d5580000,0x00000000d5580000,0x00000000dd880000)
  from space 39936K, 15% used [0x00000000dd880000,0x00000000dde7e570,0x00000000dff80000)
  to   space 38912K, 0% used [0x00000000e4280000,0x00000000e4280000,0x00000000e6880000)
 ParOldGen       total 80384K, used 53036K [0x0000000080000000, 0x0000000084e80000, 0x00000000d5580000)
  object space 80384K, 65% used [0x0000000080000000,0x00000000833cb210,0x0000000084e80000)
 Metaspace       used 34767K, capacity 35340K, committed 35416K, reserved 1079296K
  class space    used 5063K, capacity 5243K, committed 5248K, reserved 1048576K
Event: 6.026 GC heap after
Heap after GC invocations=11 (full 2):
 PSYoungGen      total 174080K, used 0K [0x00000000d5580000, 0x00000000e6880000, 0x0000000100000000)
  eden space 134144K, 0% used [0x00000000d5580000,0x00000000d5580000,0x00000000dd880000)
  from space 39936K, 0% used [0x00000000dd880000,0x00000000dd880000,0x00000000dff80000)
  to   space 38912K, 0% used [0x00000000e4280000,0x00000000e4280000,0x00000000e6880000)
 ParOldGen       total 97280K, used 19905K [0x0000000080000000, 0x0000000085f00000, 0x00000000d5580000)
  object space 97280K, 20% used [0x0000000080000000,0x00000000813705f8,0x0000000085f00000)
 Metaspace       used 34767K, capacity 35340K, committed 35416K, reserved 1079296K
  class space    used 5063K, capacity 5243K, committed 5248K, reserved 1048576K
}

